<?xml version="1.0" encoding="UTF-8"?>
<!-- Generated by org.testng.reporters.JUnitXMLReporter -->
<testsuite hostname="CRTV" ignored="0" name="Test2" tests="5" failures="1" timestamp="2023-10-26T00:44:09 IST" time="0.014" errors="0">
  <testcase name="userLoginFooter" time="0.001" classname="selenum_4.TestNG_dependance"/>
  <testcase name="userRegister" time="0.001" classname="selenum_4.TestNG_dependance">
    <failure type="java.lang.AssertionError" message="Registration fail">
      <![CDATA[java.lang.AssertionError: Registration fail
at selenum_4.TestNG_dependance.userRegister(TestNG_dependance.java:16)
at java.util.ArrayList.forEach(ArrayList.java:1259)
... Removed 28 stack frames]]>
    </failure>
  </testcase> <!-- userRegister -->
  <testcase name="userRegisterFooter" time="0.001" classname="selenum_4.TestNG_dependance"/>
  <testcase name="userLogin" time="0.0" classname="selenum_4.TestNG_dependance"/>
  <testcase name="HomepageFooter" time="0.001" classname="selenum_4.TestNG_dependance"/>
</testsuite> <!-- Test2 -->
